<!DOCTYPE html>
<html>
<head>
<meta http-equiv="Content-Type" content="text/html; charset=utf-8"/>
<meta http-equiv="x-ua-compatible" content="IE=edge"/>
<title>Test results - Class com.app.server.service.salesboundedcontext.sales.BrandTestCase</title>
<link href="../css/base-style.css" rel="stylesheet" type="text/css"/>
<link href="../css/style.css" rel="stylesheet" type="text/css"/>
<script src="../js/report.js" type="text/javascript"></script>
</head>
<body>
<div id="content">
<h1>Class com.app.server.service.salesboundedcontext.sales.BrandTestCase</h1>
<div class="breadcrumbs">
<a href="../index.html">all</a> &gt; 
<a href="../packages/com.app.server.service.salesboundedcontext.sales.html">com.app.server.service.salesboundedcontext.sales</a> &gt; BrandTestCase</div>
<div id="summary">
<table>
<tr>
<td>
<div class="summaryGroup">
<table>
<tr>
<td>
<div class="infoBox" id="tests">
<div class="counter">6</div>
<p>tests</p>
</div>
</td>
<td>
<div class="infoBox" id="failures">
<div class="counter">0</div>
<p>failures</p>
</div>
</td>
<td>
<div class="infoBox" id="ignored">
<div class="counter">0</div>
<p>ignored</p>
</div>
</td>
<td>
<div class="infoBox" id="duration">
<div class="counter">0.100s</div>
<p>duration</p>
</div>
</td>
</tr>
</table>
</div>
</td>
<td>
<div class="infoBox success" id="successRate">
<div class="percent">100%</div>
<p>successful</p>
</div>
</td>
</tr>
</table>
</div>
<div id="tabs">
<ul class="tabLinks">
<li>
<a href="#tab0">Tests</a>
</li>
<li>
<a href="#tab1">Standard output</a>
</li>
<li>
<a href="#tab2">Standard error</a>
</li>
</ul>
<div id="tab0" class="tab">
<h2>Tests</h2>
<table>
<thead>
<tr>
<th>Test</th>
<th>Duration</th>
<th>Result</th>
</tr>
</thead>
<tr>
<td class="success">test1Save</td>
<td>0.041s</td>
<td class="success">passed</td>
</tr>
<tr>
<td class="success">test2Update</td>
<td>0.016s</td>
<td class="success">passed</td>
</tr>
<tr>
<td class="success">test3FindById</td>
<td>0.007s</td>
<td class="success">passed</td>
</tr>
<tr>
<td class="success">test3findBycategoryId</td>
<td>0.007s</td>
<td class="success">passed</td>
</tr>
<tr>
<td class="success">test5NegativeTesting</td>
<td>0.013s</td>
<td class="success">passed</td>
</tr>
<tr>
<td class="success">test6Delete</td>
<td>0.016s</td>
<td class="success">passed</td>
</tr>
</table>
</div>
<div id="tab1" class="tab">
<h2>Standard output</h2>
<span class="code">
<pre>Sat Jun 04 13:29:25 UTC 2016|Log Manager Factory|Initialization Process started.....
Sat Jun 04 13:29:25 UTC 2016|Log Manager|Initialized with Path = [/home/applifire/workspace/testapp3/src/main/webapp/WEB-INF/conf]
Sat Jun 04 13:29:25 UTC 2016|Alarm Manager|Initialized with Path = [/home/applifire/workspace/testapp3/src/main/webapp/WEB-INF/conf]
Sat Jun 04 13:29:25 UTC 2016|Alarm Manager|Loading Alarms ......
Sat Jun 04 13:29:25 UTC 2016|Alarm XML Parser|FWA|XML Parsing Complete........ 
Sat Jun 04 13:29:25 UTC 2016|Alarm File Manager|FWA|Alarm File Status.. [ApplicationFrameworkAlarms.xml]|Version=15|Status=Done 
Sat Jun 04 13:29:25 UTC 2016|Alarm File Manager|FWA|Alarm Stats = ( BC/AL=4/564 SYS=4/10 [564/0]  TPL=0/0 [0/0]  APP= A.Map=[645]  E.Map EC/RC=[238/66] )
Sat Jun 04 13:29:25 UTC 2016|Alarm XML Parser|APP|XML Parsing Complete........ 
Sat Jun 04 13:29:25 UTC 2016|Alarm File Manager|APP|Alarm File Status.. [ApplicationAlarms.xml]|Version=1|Status=Done 
Sat Jun 04 13:29:25 UTC 2016|Alarm File Manager|APP|Alarm Stats = ( BC/AL=4/564 SYS=4/10 [564/0]  TPL=0/0 [0/0]  APP=0/0 [0/0]  A.Map=[645]  E.Map EC/RC=[238/66] )
Sat Jun 04 13:29:25 UTC 2016|ApplicationAlarmContext| &lt;&gt;&lt;&gt;&lt;&gt;&lt;&gt;&lt;&gt; Create App Alarms ....  &lt;&gt;&lt;&gt;&lt;&gt;&lt;&gt;&lt;&gt; 
Sat Jun 04 13:29:25 UTC 2016|ApplicationAlarmContext|Alarms are generated ONLY in Development Mode.. 
Sat Jun 04 13:29:25 UTC 2016|Alarm Manager|APP|Alarm Stats = ( BC/AL=4/564 SYS=4/10 [564/0]  TPL=0/0 [0/0]  APP=0/0 [0/0]  A.Map=[645]  E.Map EC/RC=[238/66] )
Sat Jun 04 13:29:25 UTC 2016|Alarm Manager|Initialized Exception Lookup...
Sat Jun 04 13:29:25 UTC 2016|Log Manager|Initialize Log Config File ......
Sat Jun 04 13:29:25 UTC 2016|Pluggable Connectors|Adding Connectors : StandardOutputConnector isEnabled=true isDefault=false isFallBack=true
Sat Jun 04 13:29:25 UTC 2016|Pluggable Connectors|Adding Connectors : StandardFileConnector isEnabled=true isDefault=false isFallBack=false
Sat Jun 04 13:29:25 UTC 2016|Pluggable Connectors|Adding Connectors : Sprinkler isEnabled=true isDefault=true isFallBack=false
Sat Jun 04 13:29:25 UTC 2016|Pluggable Connectors|Default Connector Name : com.spartan.logger.core.LogMessenger
Sat Jun 04 13:29:25 UTC 2016|Log Config Parser|Connector Least Log Level =[4]  FallBack Log Level =[3]
Sat Jun 04 13:29:25 UTC 2016|Log Manager|Loading Default Connector for Logging ......
Sat Jun 04 13:29:25 UTC 2016|Log Manager|Loading class .. com.spartan.logger.core.LogMessenger
Sat Jun 04 13:29:25 UTC 2016|Plugggable Connector|Connector class com.spartan.logger.core.LogMessenger Initialized... @ Log Level = 3
Sat Jun 04 13:29:25 UTC 2016|Log Manager|Starting the Default Connector [com.spartan.logger.core.LogMessenger@46d3b20d] ....
Sat Jun 04 13:29:25 UTC 2016|Scheduler|Starting the Scheduler ......
Sat Jun 04 13:29:25 UTC 2016|Scheduler|Adding [LMID=[02a0f994-2799-4356-bf0a-4a4dea2e9404]] Delay=5 Time Unit=MINUTES
Sat Jun 04 13:29:25 UTC 2016|Scheduler|Adding [App Alarm Manager File=[ApplicationAlarms.xml]] Delay=30 Time Unit=MINUTES
Sat Jun 04 13:29:25 UTC 2016|Scheduler|Adding [FW Alarm Manager File=[ApplicationFrameworkAlarms.xml]] Delay=3 Time Unit=MINUTES
Sat Jun 04 13:29:25 UTC 2016|Scheduler|Startup Completed..
Sat Jun 04 13:29:25 UTC 2016|Log Manager|Initialization Process Complete ......
Sat Jun 04 13:29:25 UTC 2016|Log Manager Factory|Log Manager READY! ID = 02a0f994-2799-4356-bf0a-4a4dea2e9404
Sat Jun 04 13:29:25 UTC 2016|Unknown Alarm = SBCSA312100100 Alarm Split = SBC-SA-3-1-2-100-100
Sat Jun 04 13:29:25 UTC 2016|Unknown Alarm = SBCSA322100200 Alarm Split = SBC-SA-3-2-2-100-200
Sat Jun 04 13:29:25 UTC 2016|Unknown Alarm = SBCSA317100100 Alarm Split = SBC-SA-3-1-7-100-100
[EL Fine]: sql: 2016-06-04 13:29:25.709--ClientSession(1679114902)--Connection(1356336567)--Thread(Thread[Test worker,5,main])--INSERT INTO ast_Category_M (categoryId, category, versionId, createdBy, createdDate, updatedBy, updatedDate, activeStatus, txnAccessCode) VALUES (?, ?, ?, ?, ?, ?, ?, ?, ?)
	bind =&gt; [A350F376-1BCD-4AC6-B274-170FD0DD375C, gguUpb7wnprax8jGC3nlpqDBFvYbcsG7ZZsgMKw2GmR9Viu53J, 1, AAAAA, 2016-06-04 13:29:25.704, AAAAA, 2016-06-04 13:29:25.704, 1, 51000]
[EL Config]: connection: 2016-06-04 13:29:25.712--ServerSession(17883869)--Connection(1356336567)--Thread(Thread[Test worker,5,main])--disconnect
Setting logged in user info for ADD
Sat Jun 04 13:29:25 UTC 2016|Unknown Alarm = SBCSA312100100 Alarm Split = SBC-SA-3-1-2-100-100
Sat Jun 04 13:29:25 UTC 2016|Unknown Alarm = SBCSA322100200 Alarm Split = SBC-SA-3-2-2-100-200
Sat Jun 04 13:29:25 UTC 2016|Unknown Alarm = SBCSA317100100 Alarm Split = SBC-SA-3-1-7-100-100
[EL Fine]: sql: 2016-06-04 13:29:25.718--ClientSession(1809408676)--Connection(769240672)--Thread(Thread[Test worker,5,main])--INSERT INTO ast_Brand_M (brandcode, branddesc, categoryId, versionId, createdBy, createdDate, updatedBy, updatedDate, activeStatus, txnAccessCode) VALUES (?, ?, ?, ?, ?, ?, ?, ?, ?, ?)
	bind =&gt; [6D980D02-224F-40F0-8035-C9592380CF5D, qrx2O4Kw26UaH7Eiz2vyk6YxBgEvA3pHFvxbENnC2LPqrp7BIh, A350F376-1BCD-4AC6-B274-170FD0DD375C, 1, AAAAA, 2016-06-04 13:29:25.713, AAAAA, 2016-06-04 13:29:25.713, 1, 51000]
[EL Config]: connection: 2016-06-04 13:29:25.721--ServerSession(17883869)--Connection(769240672)--Thread(Thread[Test worker,5,main])--disconnect
Sat Jun 04 13:29:25 UTC 2016|Unknown Alarm = SBCSA314100100 Alarm Split = SBC-SA-3-1-4-100-100
[EL Fine]: sql: 2016-06-04 13:29:25.728--ClientSession(947938906)--Connection(901827547)--Thread(Thread[Test worker,5,main])--SELECT brandcode, branddesc, categoryId, versionId, createdBy, createdDate, updatedBy, updatedDate, activeStatus, txnAccessCode FROM ast_Brand_M WHERE ((activeStatus = ?) AND (brandcode = ?))
	bind =&gt; [1, 6D980D02-224F-40F0-8035-C9592380CF5D]
Sat Jun 04 13:29:25 UTC 2016|Unknown Alarm = SBCSA324100200 Alarm Split = SBC-SA-3-2-4-100-200
Sat Jun 04 13:29:25 UTC 2016|Unknown Alarm = SBCSA317100100 Alarm Split = SBC-SA-3-1-7-100-100
Setting logged in user info for UPDATE
Sat Jun 04 13:29:25 UTC 2016|Unknown Alarm = SBCSA311100100 Alarm Split = SBC-SA-3-1-1-100-100
[EL Fine]: sql: 2016-06-04 13:29:25.733--ClientSession(462094204)--Connection(901827547)--Thread(Thread[Test worker,5,main])--SELECT brandcode, branddesc, categoryId, versionId, createdBy, createdDate, updatedBy, updatedDate, activeStatus, txnAccessCode FROM ast_Brand_M WHERE (brandcode = ?)
	bind =&gt; [6D980D02-224F-40F0-8035-C9592380CF5D]
Sat Jun 04 13:29:25 UTC 2016|Unknown Alarm = SBCSA321100200 Alarm Split = SBC-SA-3-2-1-100-200
Sat Jun 04 13:29:25 UTC 2016|Unknown Alarm = SBCSA317100100 Alarm Split = SBC-SA-3-1-7-100-100
[EL Fine]: sql: 2016-06-04 13:29:25.735--ClientSession(462094204)--Connection(901827547)--Thread(Thread[Test worker,5,main])--UPDATE ast_Brand_M SET branddesc = ?, versionId = ? WHERE ((brandcode = ?) AND (versionId = ?))
	bind =&gt; [K4SMBqbgccuVH2cOgR19MZfQ9lQKyVelkCNVZtG5Wb5nJ25nFO, 2, 6D980D02-224F-40F0-8035-C9592380CF5D, 1]
Sat Jun 04 13:29:25 UTC 2016|Unknown Alarm = SBCSA314100100 Alarm Split = SBC-SA-3-1-4-100-100
[EL Fine]: sql: 2016-06-04 13:29:25.744--ClientSession(492813027)--Connection(901827547)--Thread(Thread[Test worker,5,main])--SELECT brandcode, branddesc, categoryId, versionId, createdBy, createdDate, updatedBy, updatedDate, activeStatus, txnAccessCode FROM ast_Brand_M WHERE ((activeStatus = ?) AND (brandcode = ?))
	bind =&gt; [1, 6D980D02-224F-40F0-8035-C9592380CF5D]
Sat Jun 04 13:29:25 UTC 2016|Unknown Alarm = SBCSA324100200 Alarm Split = SBC-SA-3-2-4-100-200
Sat Jun 04 13:29:25 UTC 2016|Unknown Alarm = SBCSA317100100 Alarm Split = SBC-SA-3-1-7-100-100
Sat Jun 04 13:29:25 UTC 2016|Unknown Alarm = SBCSA314100100 Alarm Split = SBC-SA-3-1-4-100-100
[EL Fine]: sql: 2016-06-04 13:29:25.751--ClientSession(514056830)--Connection(901827547)--Thread(Thread[Test worker,5,main])--SELECT brandcode, branddesc, categoryId, versionId, createdBy, createdDate, updatedBy, updatedDate, activeStatus, txnAccessCode FROM ast_Brand_M WHERE ((activeStatus = ?) AND (categoryId = ?))
	bind =&gt; [1, A350F376-1BCD-4AC6-B274-170FD0DD375C]
Sat Jun 04 13:29:25 UTC 2016|Unknown Alarm = SBCSA324100200 Alarm Split = SBC-SA-3-2-4-100-200
Sat Jun 04 13:29:25 UTC 2016|Unknown Alarm = SBCSA317100100 Alarm Split = SBC-SA-3-1-7-100-100
Sat Jun 04 13:29:25 UTC 2016|Unknown Alarm = SBCSA318100100 Alarm Split = SBC-SA-3-1-8-100-100
[EL Fine]: sql: 2016-06-04 13:29:25.772--ClientSession(459834710)--Connection(901827547)--Thread(Thread[Test worker,5,main])--SELECT brandcode, branddesc, categoryId, versionId, createdBy, createdDate, updatedBy, updatedDate, activeStatus, txnAccessCode FROM ast_Brand_M WHERE (brandcode = ?)
	bind =&gt; [6D980D02-224F-40F0-8035-C9592380CF5D]
Sat Jun 04 13:29:25 UTC 2016|Unknown Alarm = SBCSA328100200 Alarm Split = SBC-SA-3-2-8-100-200
Sat Jun 04 13:29:25 UTC 2016|Unknown Alarm = SBCSA317100100 Alarm Split = SBC-SA-3-1-7-100-100
[EL Fine]: sql: 2016-06-04 13:29:25.773--ClientSession(459834710)--Connection(901827547)--Thread(Thread[Test worker,5,main])--DELETE FROM ast_Brand_M WHERE ((brandcode = ?) AND (versionId = ?))
	bind =&gt; [6D980D02-224F-40F0-8035-C9592380CF5D, 2]
Sat Jun 04 13:29:25 UTC 2016|Unknown Alarm = SBCSA318100100 Alarm Split = SBC-SA-3-1-8-100-100
[EL Fine]: sql: 2016-06-04 13:29:25.777--ClientSession(845759216)--Connection(901827547)--Thread(Thread[Test worker,5,main])--SELECT categoryId, category, versionId, createdBy, createdDate, updatedBy, updatedDate, activeStatus, txnAccessCode FROM ast_Category_M WHERE (categoryId = ?)
	bind =&gt; [A350F376-1BCD-4AC6-B274-170FD0DD375C]
Sat Jun 04 13:29:25 UTC 2016|Unknown Alarm = SBCSA328100200 Alarm Split = SBC-SA-3-2-8-100-200
Sat Jun 04 13:29:25 UTC 2016|Unknown Alarm = SBCSA317100100 Alarm Split = SBC-SA-3-1-7-100-100
[EL Fine]: sql: 2016-06-04 13:29:25.779--ClientSession(845759216)--Connection(901827547)--Thread(Thread[Test worker,5,main])--DELETE FROM ast_Category_M WHERE ((categoryId = ?) AND (versionId = ?))
	bind =&gt; [A350F376-1BCD-4AC6-B274-170FD0DD375C, 1]
</pre>
</span>
</div>
<div id="tab2" class="tab">
<h2>Standard error</h2>
<span class="code">
<pre>Brand.branddesc may not be null
java.lang.SecurityException: Brand.branddesc may not be null
	at com.athena.server.pluggable.utils.helper.EntityValidatorHelper.validateEntity(EntityValidatorHelper.java:37)
	at com.app.shared.salesboundedcontext.sales.Brand.isValid(Brand.java:148)
	at com.app.server.service.salesboundedcontext.sales.BrandTestCase.validateBrand(BrandTestCase.java:204)
	at com.app.server.service.salesboundedcontext.sales.BrandTestCase.test5NegativeTesting(BrandTestCase.java:235)
	at sun.reflect.NativeMethodAccessorImpl.invoke0(Native Method)
	at sun.reflect.NativeMethodAccessorImpl.invoke(NativeMethodAccessorImpl.java:57)
	at sun.reflect.DelegatingMethodAccessorImpl.invoke(DelegatingMethodAccessorImpl.java:43)
	at java.lang.reflect.Method.invoke(Method.java:606)
	at org.junit.runners.model.FrameworkMethod$1.runReflectiveCall(FrameworkMethod.java:47)
	at org.junit.internal.runners.model.ReflectiveCallable.run(ReflectiveCallable.java:12)
	at org.junit.runners.model.FrameworkMethod.invokeExplosively(FrameworkMethod.java:44)
	at org.junit.internal.runners.statements.InvokeMethod.evaluate(InvokeMethod.java:17)
	at org.junit.internal.runners.statements.RunBefores.evaluate(RunBefores.java:26)
	at org.springframework.test.context.junit4.statements.RunBeforeTestMethodCallbacks.evaluate(RunBeforeTestMethodCallbacks.java:74)
	at org.junit.internal.runners.statements.RunAfters.evaluate(RunAfters.java:27)
	at org.springframework.test.context.junit4.statements.RunAfterTestMethodCallbacks.evaluate(RunAfterTestMethodCallbacks.java:83)
	at org.springframework.test.context.junit4.statements.SpringRepeat.evaluate(SpringRepeat.java:72)
	at org.springframework.test.context.junit4.SpringJUnit4ClassRunner.runChild(SpringJUnit4ClassRunner.java:233)
	at org.springframework.test.context.junit4.SpringJUnit4ClassRunner.runChild(SpringJUnit4ClassRunner.java:87)
	at org.junit.runners.ParentRunner$3.run(ParentRunner.java:238)
	at org.junit.runners.ParentRunner$1.schedule(ParentRunner.java:63)
	at org.junit.runners.ParentRunner.runChildren(ParentRunner.java:236)
	at org.junit.runners.ParentRunner.access$000(ParentRunner.java:53)
	at org.junit.runners.ParentRunner$2.evaluate(ParentRunner.java:229)
	at org.junit.internal.runners.statements.RunBefores.evaluate(RunBefores.java:26)
	at org.springframework.test.context.junit4.statements.RunBeforeTestClassCallbacks.evaluate(RunBeforeTestClassCallbacks.java:61)
	at org.springframework.test.context.junit4.statements.RunAfterTestClassCallbacks.evaluate(RunAfterTestClassCallbacks.java:71)
	at org.junit.runners.ParentRunner.run(ParentRunner.java:309)
	at org.springframework.test.context.junit4.SpringJUnit4ClassRunner.run(SpringJUnit4ClassRunner.java:176)
	at org.gradle.api.internal.tasks.testing.junit.JUnitTestClassExecuter.runTestClass(JUnitTestClassExecuter.java:86)
	at org.gradle.api.internal.tasks.testing.junit.JUnitTestClassExecuter.execute(JUnitTestClassExecuter.java:49)
	at org.gradle.api.internal.tasks.testing.junit.JUnitTestClassProcessor.processTestClass(JUnitTestClassProcessor.java:64)
	at org.gradle.api.internal.tasks.testing.SuiteTestClassProcessor.processTestClass(SuiteTestClassProcessor.java:50)
	at sun.reflect.NativeMethodAccessorImpl.invoke0(Native Method)
	at sun.reflect.NativeMethodAccessorImpl.invoke(NativeMethodAccessorImpl.java:57)
	at sun.reflect.DelegatingMethodAccessorImpl.invoke(DelegatingMethodAccessorImpl.java:43)
	at java.lang.reflect.Method.invoke(Method.java:606)
	at org.gradle.messaging.dispatch.ReflectionDispatch.dispatch(ReflectionDispatch.java:35)
	at org.gradle.messaging.dispatch.ReflectionDispatch.dispatch(ReflectionDispatch.java:24)
	at org.gradle.messaging.dispatch.ContextClassLoaderDispatch.dispatch(ContextClassLoaderDispatch.java:32)
	at org.gradle.messaging.dispatch.ProxyDispatchAdapter$DispatchingInvocationHandler.invoke(ProxyDispatchAdapter.java:93)
	at com.sun.proxy.$Proxy2.processTestClass(Unknown Source)
	at org.gradle.api.internal.tasks.testing.worker.TestWorker.processTestClass(TestWorker.java:106)
	at sun.reflect.NativeMethodAccessorImpl.invoke0(Native Method)
	at sun.reflect.NativeMethodAccessorImpl.invoke(NativeMethodAccessorImpl.java:57)
	at sun.reflect.DelegatingMethodAccessorImpl.invoke(DelegatingMethodAccessorImpl.java:43)
	at java.lang.reflect.Method.invoke(Method.java:606)
	at org.gradle.messaging.dispatch.ReflectionDispatch.dispatch(ReflectionDispatch.java:35)
	at org.gradle.messaging.dispatch.ReflectionDispatch.dispatch(ReflectionDispatch.java:24)
	at org.gradle.messaging.remote.internal.hub.MessageHub$Handler.run(MessageHub.java:360)
	at org.gradle.internal.concurrent.DefaultExecutorFactory$StoppableExecutorImpl$1.run(DefaultExecutorFactory.java:64)
	at java.util.concurrent.ThreadPoolExecutor.runWorker(ThreadPoolExecutor.java:1145)
	at java.util.concurrent.ThreadPoolExecutor$Worker.run(ThreadPoolExecutor.java:615)
	at java.lang.Thread.run(Thread.java:745)
Brand.branddesc size must be between 0 and 64
java.lang.SecurityException: Brand.branddesc size must be between 0 and 64
	at com.athena.server.pluggable.utils.helper.EntityValidatorHelper.validateEntity(EntityValidatorHelper.java:37)
	at com.app.shared.salesboundedcontext.sales.Brand.isValid(Brand.java:148)
	at com.app.server.service.salesboundedcontext.sales.BrandTestCase.validateBrand(BrandTestCase.java:202)
	at com.app.server.service.salesboundedcontext.sales.BrandTestCase.test5NegativeTesting(BrandTestCase.java:240)
	at sun.reflect.NativeMethodAccessorImpl.invoke0(Native Method)
	at sun.reflect.NativeMethodAccessorImpl.invoke(NativeMethodAccessorImpl.java:57)
	at sun.reflect.DelegatingMethodAccessorImpl.invoke(DelegatingMethodAccessorImpl.java:43)
	at java.lang.reflect.Method.invoke(Method.java:606)
	at org.junit.runners.model.FrameworkMethod$1.runReflectiveCall(FrameworkMethod.java:47)
	at org.junit.internal.runners.model.ReflectiveCallable.run(ReflectiveCallable.java:12)
	at org.junit.runners.model.FrameworkMethod.invokeExplosively(FrameworkMethod.java:44)
	at org.junit.internal.runners.statements.InvokeMethod.evaluate(InvokeMethod.java:17)
	at org.junit.internal.runners.statements.RunBefores.evaluate(RunBefores.java:26)
	at org.springframework.test.context.junit4.statements.RunBeforeTestMethodCallbacks.evaluate(RunBeforeTestMethodCallbacks.java:74)
	at org.junit.internal.runners.statements.RunAfters.evaluate(RunAfters.java:27)
	at org.springframework.test.context.junit4.statements.RunAfterTestMethodCallbacks.evaluate(RunAfterTestMethodCallbacks.java:83)
	at org.springframework.test.context.junit4.statements.SpringRepeat.evaluate(SpringRepeat.java:72)
	at org.springframework.test.context.junit4.SpringJUnit4ClassRunner.runChild(SpringJUnit4ClassRunner.java:233)
	at org.springframework.test.context.junit4.SpringJUnit4ClassRunner.runChild(SpringJUnit4ClassRunner.java:87)
	at org.junit.runners.ParentRunner$3.run(ParentRunner.java:238)
	at org.junit.runners.ParentRunner$1.schedule(ParentRunner.java:63)
	at org.junit.runners.ParentRunner.runChildren(ParentRunner.java:236)
	at org.junit.runners.ParentRunner.access$000(ParentRunner.java:53)
	at org.junit.runners.ParentRunner$2.evaluate(ParentRunner.java:229)
	at org.junit.internal.runners.statements.RunBefores.evaluate(RunBefores.java:26)
	at org.springframework.test.context.junit4.statements.RunBeforeTestClassCallbacks.evaluate(RunBeforeTestClassCallbacks.java:61)
	at org.springframework.test.context.junit4.statements.RunAfterTestClassCallbacks.evaluate(RunAfterTestClassCallbacks.java:71)
	at org.junit.runners.ParentRunner.run(ParentRunner.java:309)
	at org.springframework.test.context.junit4.SpringJUnit4ClassRunner.run(SpringJUnit4ClassRunner.java:176)
	at org.gradle.api.internal.tasks.testing.junit.JUnitTestClassExecuter.runTestClass(JUnitTestClassExecuter.java:86)
	at org.gradle.api.internal.tasks.testing.junit.JUnitTestClassExecuter.execute(JUnitTestClassExecuter.java:49)
	at org.gradle.api.internal.tasks.testing.junit.JUnitTestClassProcessor.processTestClass(JUnitTestClassProcessor.java:64)
	at org.gradle.api.internal.tasks.testing.SuiteTestClassProcessor.processTestClass(SuiteTestClassProcessor.java:50)
	at sun.reflect.NativeMethodAccessorImpl.invoke0(Native Method)
	at sun.reflect.NativeMethodAccessorImpl.invoke(NativeMethodAccessorImpl.java:57)
	at sun.reflect.DelegatingMethodAccessorImpl.invoke(DelegatingMethodAccessorImpl.java:43)
	at java.lang.reflect.Method.invoke(Method.java:606)
	at org.gradle.messaging.dispatch.ReflectionDispatch.dispatch(ReflectionDispatch.java:35)
	at org.gradle.messaging.dispatch.ReflectionDispatch.dispatch(ReflectionDispatch.java:24)
	at org.gradle.messaging.dispatch.ContextClassLoaderDispatch.dispatch(ContextClassLoaderDispatch.java:32)
	at org.gradle.messaging.dispatch.ProxyDispatchAdapter$DispatchingInvocationHandler.invoke(ProxyDispatchAdapter.java:93)
	at com.sun.proxy.$Proxy2.processTestClass(Unknown Source)
	at org.gradle.api.internal.tasks.testing.worker.TestWorker.processTestClass(TestWorker.java:106)
	at sun.reflect.NativeMethodAccessorImpl.invoke0(Native Method)
	at sun.reflect.NativeMethodAccessorImpl.invoke(NativeMethodAccessorImpl.java:57)
	at sun.reflect.DelegatingMethodAccessorImpl.invoke(DelegatingMethodAccessorImpl.java:43)
	at java.lang.reflect.Method.invoke(Method.java:606)
	at org.gradle.messaging.dispatch.ReflectionDispatch.dispatch(ReflectionDispatch.java:35)
	at org.gradle.messaging.dispatch.ReflectionDispatch.dispatch(ReflectionDispatch.java:24)
	at org.gradle.messaging.remote.internal.hub.MessageHub$Handler.run(MessageHub.java:360)
	at org.gradle.internal.concurrent.DefaultExecutorFactory$StoppableExecutorImpl$1.run(DefaultExecutorFactory.java:64)
	at java.util.concurrent.ThreadPoolExecutor.runWorker(ThreadPoolExecutor.java:1145)
	at java.util.concurrent.ThreadPoolExecutor$Worker.run(ThreadPoolExecutor.java:615)
	at java.lang.Thread.run(Thread.java:745)
</pre>
</span>
</div>
</div>
<div id="footer">
<p>
<div>
<label class="hidden" id="label-for-line-wrapping-toggle" for="line-wrapping-toggle">Wrap lines
<input id="line-wrapping-toggle" type="checkbox" autocomplete="off"/>
</label>
</div>Generated by 
<a href="http://www.gradle.org">Gradle 2.3</a> at Jun 4, 2016 1:29:31 PM</p>
</div>
</div>
</body>
</html>
