<?xml version="1.0" encoding="UTF-8"?>
<testsuite name="com.app.server.service.organization.locationmanagement.AddressTypeTestCase" tests="5" skipped="0" failures="0" errors="0" timestamp="2016-06-04T13:29:30" hostname="4d6266cca5a6" time="0.074">
  <properties/>
  <testcase name="test1Save" classname="com.app.server.service.organization.locationmanagement.AddressTypeTestCase" time="0.027"/>
  <testcase name="test2Update" classname="com.app.server.service.organization.locationmanagement.AddressTypeTestCase" time="0.013"/>
  <testcase name="test3FindById" classname="com.app.server.service.organization.locationmanagement.AddressTypeTestCase" time="0.005"/>
  <testcase name="test5NegativeTesting" classname="com.app.server.service.organization.locationmanagement.AddressTypeTestCase" time="0.013"/>
  <testcase name="test6Delete" classname="com.app.server.service.organization.locationmanagement.AddressTypeTestCase" time="0.013"/>
  <system-out><![CDATA[Sat Jun 04 13:29:30 UTC 2016|Log Manager Factory|Initialization Process started.....
Sat Jun 04 13:29:30 UTC 2016|Log Manager|Initialized with Path = [/home/applifire/workspace/testapp3/src/main/webapp/WEB-INF/conf]
Sat Jun 04 13:29:30 UTC 2016|Alarm Manager|Initialized with Path = [/home/applifire/workspace/testapp3/src/main/webapp/WEB-INF/conf]
Sat Jun 04 13:29:30 UTC 2016|Alarm Manager|Loading Alarms ......
Sat Jun 04 13:29:30 UTC 2016|Alarm XML Parser|FWA|XML Parsing Complete........ 
Sat Jun 04 13:29:30 UTC 2016|Alarm File Manager|FWA|Alarm File Status.. [ApplicationFrameworkAlarms.xml]|Version=15|Status=Done 
Sat Jun 04 13:29:30 UTC 2016|Alarm File Manager|FWA|Alarm Stats = ( BC/AL=4/564 SYS=4/10 [564/0]  TPL=0/0 [0/0]  APP= A.Map=[645]  E.Map EC/RC=[238/66] )
Sat Jun 04 13:29:30 UTC 2016|Alarm XML Parser|APP|XML Parsing Complete........ 
Sat Jun 04 13:29:30 UTC 2016|Alarm File Manager|APP|Alarm File Status.. [ApplicationAlarms.xml]|Version=1|Status=Done 
Sat Jun 04 13:29:30 UTC 2016|Alarm File Manager|APP|Alarm Stats = ( BC/AL=4/564 SYS=4/10 [564/0]  TPL=0/0 [0/0]  APP=0/0 [0/0]  A.Map=[645]  E.Map EC/RC=[238/66] )
Sat Jun 04 13:29:30 UTC 2016|ApplicationAlarmContext| <><><><><> Create App Alarms ....  <><><><><> 
Sat Jun 04 13:29:30 UTC 2016|ApplicationAlarmContext|Alarms are generated ONLY in Development Mode.. 
Sat Jun 04 13:29:30 UTC 2016|Alarm Manager|APP|Alarm Stats = ( BC/AL=4/564 SYS=4/10 [564/0]  TPL=0/0 [0/0]  APP=0/0 [0/0]  A.Map=[645]  E.Map EC/RC=[238/66] )
Sat Jun 04 13:29:30 UTC 2016|Alarm Manager|Initialized Exception Lookup...
Sat Jun 04 13:29:30 UTC 2016|Log Manager|Initialize Log Config File ......
Sat Jun 04 13:29:30 UTC 2016|Pluggable Connectors|Adding Connectors : StandardOutputConnector isEnabled=true isDefault=false isFallBack=true
Sat Jun 04 13:29:30 UTC 2016|Pluggable Connectors|Adding Connectors : StandardFileConnector isEnabled=true isDefault=false isFallBack=false
Sat Jun 04 13:29:30 UTC 2016|Pluggable Connectors|Adding Connectors : Sprinkler isEnabled=true isDefault=true isFallBack=false
Sat Jun 04 13:29:30 UTC 2016|Pluggable Connectors|Default Connector Name : com.spartan.logger.core.LogMessenger
Sat Jun 04 13:29:30 UTC 2016|Log Config Parser|Connector Least Log Level =[4]  FallBack Log Level =[3]
Sat Jun 04 13:29:30 UTC 2016|Log Manager|Loading Default Connector for Logging ......
Sat Jun 04 13:29:30 UTC 2016|Log Manager|Loading class .. com.spartan.logger.core.LogMessenger
Sat Jun 04 13:29:30 UTC 2016|Plugggable Connector|Connector class com.spartan.logger.core.LogMessenger Initialized... @ Log Level = 3
Sat Jun 04 13:29:30 UTC 2016|Log Manager|Starting the Default Connector [com.spartan.logger.core.LogMessenger@2b783a98] ....
Sat Jun 04 13:29:30 UTC 2016|Scheduler|Starting the Scheduler ......
Sat Jun 04 13:29:30 UTC 2016|Scheduler|Adding [LMID=[02a0f994-2799-4356-bf0a-4a4dea2e9404]] Delay=5 Time Unit=MINUTES
Sat Jun 04 13:29:30 UTC 2016|Scheduler|Adding [App Alarm Manager File=[ApplicationAlarms.xml]] Delay=30 Time Unit=MINUTES
Sat Jun 04 13:29:30 UTC 2016|Scheduler|Adding [FW Alarm Manager File=[ApplicationFrameworkAlarms.xml]] Delay=3 Time Unit=MINUTES
Sat Jun 04 13:29:30 UTC 2016|Scheduler|Startup Completed..
Sat Jun 04 13:29:30 UTC 2016|Log Manager|Initialization Process Complete ......
Sat Jun 04 13:29:30 UTC 2016|Log Manager Factory|Log Manager READY! ID = 02a0f994-2799-4356-bf0a-4a4dea2e9404
Setting logged in user info for ADD
Sat Jun 04 13:29:30 UTC 2016|Unknown Alarm = ORGLM312100100 Alarm Split = ORG-LM-3-1-2-100-100
[EL Fine]: sql: 2016-06-04 13:29:30.088--ClientSession(1864706250)--Connection(901827547)--Thread(Thread[Test worker,5,main])--INSERT INTO ast_AddressType_M (addressTypeId, addressType, addressTypeDesc, addressTypeIcon, versionId, createdBy, createdDate, updatedBy, updatedDate, activeStatus, txnAccessCode) VALUES (?, ?, ?, ?, ?, ?, ?, ?, ?, ?, ?)
	bind => [DD93AD50-ADF6-4C0E-8FD5-9E422A0A024E, 31vfSqxikG9laMxhBkqF1JyNy9pRBVTlRVPVnzjFS5XHaNhtVn, scIlYokCT0Vnoxx28ABnR3XeeVIxx7rYe1qWt6K5rQqlKtm9Jk, AFxMrBDZHa0HKumvWBjwYluYytzKRw9yFeOqltBn6tfX8Kr8SA, 1, AAAAA, 2016-06-04 13:29:30.085, AAAAA, 2016-06-04 13:29:30.085, 1, 51000]
[EL Fine]: sql: 2016-06-04 13:29:30.096--ClientSession(370406953)--Connection(901827547)--Thread(Thread[Test worker,5,main])--SELECT addressTypeId, addressType, addressTypeDesc, addressTypeIcon, versionId, createdBy, createdDate, updatedBy, updatedDate, activeStatus, txnAccessCode FROM ast_AddressType_M WHERE ((activeStatus = ?) AND (addressTypeId = ?))
	bind => [1, DD93AD50-ADF6-4C0E-8FD5-9E422A0A024E]
Setting logged in user info for UPDATE
[EL Fine]: sql: 2016-06-04 13:29:30.1--ClientSession(728513644)--Connection(901827547)--Thread(Thread[Test worker,5,main])--SELECT addressTypeId, addressType, addressTypeDesc, addressTypeIcon, versionId, createdBy, createdDate, updatedBy, updatedDate, activeStatus, txnAccessCode FROM ast_AddressType_M WHERE (addressTypeId = ?)
	bind => [DD93AD50-ADF6-4C0E-8FD5-9E422A0A024E]
[EL Fine]: sql: 2016-06-04 13:29:30.101--ClientSession(728513644)--Connection(901827547)--Thread(Thread[Test worker,5,main])--UPDATE ast_AddressType_M SET addressType = ?, addressTypeDesc = ?, addressTypeIcon = ?, versionId = ? WHERE ((addressTypeId = ?) AND (versionId = ?))
	bind => [QYm6btaMYqZF0jz09ybZUiTsthsQ7p7RoPbQQPCb91mDPYLpwk, x9WjKpkn1DBu3fUMjc903AXec2BEa9mgZzSUUjKwe1hT0Ev6nS, wsinE4LtVdqbMRIQ6O8r8UY9ECCsrEerA32U6I8DuaNuPHfoez, 2, DD93AD50-ADF6-4C0E-8FD5-9E422A0A024E, 1]
[EL Fine]: sql: 2016-06-04 13:29:30.109--ClientSession(1203632718)--Connection(901827547)--Thread(Thread[Test worker,5,main])--SELECT addressTypeId, addressType, addressTypeDesc, addressTypeIcon, versionId, createdBy, createdDate, updatedBy, updatedDate, activeStatus, txnAccessCode FROM ast_AddressType_M WHERE ((activeStatus = ?) AND (addressTypeId = ?))
	bind => [1, DD93AD50-ADF6-4C0E-8FD5-9E422A0A024E]
[EL Fine]: sql: 2016-06-04 13:29:30.133--ClientSession(808456980)--Connection(901827547)--Thread(Thread[Test worker,5,main])--SELECT addressTypeId, addressType, addressTypeDesc, addressTypeIcon, versionId, createdBy, createdDate, updatedBy, updatedDate, activeStatus, txnAccessCode FROM ast_AddressType_M WHERE (addressTypeId = ?)
	bind => [DD93AD50-ADF6-4C0E-8FD5-9E422A0A024E]
[EL Fine]: sql: 2016-06-04 13:29:30.135--ClientSession(808456980)--Connection(901827547)--Thread(Thread[Test worker,5,main])--DELETE FROM ast_AddressType_M WHERE ((addressTypeId = ?) AND (versionId = ?))
	bind => [DD93AD50-ADF6-4C0E-8FD5-9E422A0A024E, 2]
]]></system-out>
  <system-err><![CDATA[AddressType.addressType may not be null
java.lang.SecurityException: AddressType.addressType may not be null
	at com.athena.server.pluggable.utils.helper.EntityValidatorHelper.validateEntity(EntityValidatorHelper.java:37)
	at com.app.shared.organization.locationmanagement.AddressType.isValid(AddressType.java:163)
	at com.app.server.service.organization.locationmanagement.AddressTypeTestCase.validateAddressType(AddressTypeTestCase.java:182)
	at com.app.server.service.organization.locationmanagement.AddressTypeTestCase.test5NegativeTesting(AddressTypeTestCase.java:215)
	at sun.reflect.NativeMethodAccessorImpl.invoke0(Native Method)
	at sun.reflect.NativeMethodAccessorImpl.invoke(NativeMethodAccessorImpl.java:57)
	at sun.reflect.DelegatingMethodAccessorImpl.invoke(DelegatingMethodAccessorImpl.java:43)
	at java.lang.reflect.Method.invoke(Method.java:606)
	at org.junit.runners.model.FrameworkMethod$1.runReflectiveCall(FrameworkMethod.java:47)
	at org.junit.internal.runners.model.ReflectiveCallable.run(ReflectiveCallable.java:12)
	at org.junit.runners.model.FrameworkMethod.invokeExplosively(FrameworkMethod.java:44)
	at org.junit.internal.runners.statements.InvokeMethod.evaluate(InvokeMethod.java:17)
	at org.junit.internal.runners.statements.RunBefores.evaluate(RunBefores.java:26)
	at org.springframework.test.context.junit4.statements.RunBeforeTestMethodCallbacks.evaluate(RunBeforeTestMethodCallbacks.java:74)
	at org.junit.internal.runners.statements.RunAfters.evaluate(RunAfters.java:27)
	at org.springframework.test.context.junit4.statements.RunAfterTestMethodCallbacks.evaluate(RunAfterTestMethodCallbacks.java:83)
	at org.springframework.test.context.junit4.statements.SpringRepeat.evaluate(SpringRepeat.java:72)
	at org.springframework.test.context.junit4.SpringJUnit4ClassRunner.runChild(SpringJUnit4ClassRunner.java:233)
	at org.springframework.test.context.junit4.SpringJUnit4ClassRunner.runChild(SpringJUnit4ClassRunner.java:87)
	at org.junit.runners.ParentRunner$3.run(ParentRunner.java:238)
	at org.junit.runners.ParentRunner$1.schedule(ParentRunner.java:63)
	at org.junit.runners.ParentRunner.runChildren(ParentRunner.java:236)
	at org.junit.runners.ParentRunner.access$000(ParentRunner.java:53)
	at org.junit.runners.ParentRunner$2.evaluate(ParentRunner.java:229)
	at org.junit.internal.runners.statements.RunBefores.evaluate(RunBefores.java:26)
	at org.springframework.test.context.junit4.statements.RunBeforeTestClassCallbacks.evaluate(RunBeforeTestClassCallbacks.java:61)
	at org.springframework.test.context.junit4.statements.RunAfterTestClassCallbacks.evaluate(RunAfterTestClassCallbacks.java:71)
	at org.junit.runners.ParentRunner.run(ParentRunner.java:309)
	at org.springframework.test.context.junit4.SpringJUnit4ClassRunner.run(SpringJUnit4ClassRunner.java:176)
	at org.gradle.api.internal.tasks.testing.junit.JUnitTestClassExecuter.runTestClass(JUnitTestClassExecuter.java:86)
	at org.gradle.api.internal.tasks.testing.junit.JUnitTestClassExecuter.execute(JUnitTestClassExecuter.java:49)
	at org.gradle.api.internal.tasks.testing.junit.JUnitTestClassProcessor.processTestClass(JUnitTestClassProcessor.java:64)
	at org.gradle.api.internal.tasks.testing.SuiteTestClassProcessor.processTestClass(SuiteTestClassProcessor.java:50)
	at sun.reflect.GeneratedMethodAccessor106.invoke(Unknown Source)
	at sun.reflect.DelegatingMethodAccessorImpl.invoke(DelegatingMethodAccessorImpl.java:43)
	at java.lang.reflect.Method.invoke(Method.java:606)
	at org.gradle.messaging.dispatch.ReflectionDispatch.dispatch(ReflectionDispatch.java:35)
	at org.gradle.messaging.dispatch.ReflectionDispatch.dispatch(ReflectionDispatch.java:24)
	at org.gradle.messaging.dispatch.ContextClassLoaderDispatch.dispatch(ContextClassLoaderDispatch.java:32)
	at org.gradle.messaging.dispatch.ProxyDispatchAdapter$DispatchingInvocationHandler.invoke(ProxyDispatchAdapter.java:93)
	at com.sun.proxy.$Proxy2.processTestClass(Unknown Source)
	at org.gradle.api.internal.tasks.testing.worker.TestWorker.processTestClass(TestWorker.java:106)
	at sun.reflect.GeneratedMethodAccessor105.invoke(Unknown Source)
	at sun.reflect.DelegatingMethodAccessorImpl.invoke(DelegatingMethodAccessorImpl.java:43)
	at java.lang.reflect.Method.invoke(Method.java:606)
	at org.gradle.messaging.dispatch.ReflectionDispatch.dispatch(ReflectionDispatch.java:35)
	at org.gradle.messaging.dispatch.ReflectionDispatch.dispatch(ReflectionDispatch.java:24)
	at org.gradle.messaging.remote.internal.hub.MessageHub$Handler.run(MessageHub.java:360)
	at org.gradle.internal.concurrent.DefaultExecutorFactory$StoppableExecutorImpl$1.run(DefaultExecutorFactory.java:64)
	at java.util.concurrent.ThreadPoolExecutor.runWorker(ThreadPoolExecutor.java:1145)
	at java.util.concurrent.ThreadPoolExecutor$Worker.run(ThreadPoolExecutor.java:615)
	at java.lang.Thread.run(Thread.java:745)
AddressType.addressType size must be between 0 and 128
java.lang.SecurityException: AddressType.addressType size must be between 0 and 128
	at com.athena.server.pluggable.utils.helper.EntityValidatorHelper.validateEntity(EntityValidatorHelper.java:37)
	at com.app.shared.organization.locationmanagement.AddressType.isValid(AddressType.java:163)
	at com.app.server.service.organization.locationmanagement.AddressTypeTestCase.validateAddressType(AddressTypeTestCase.java:180)
	at com.app.server.service.organization.locationmanagement.AddressTypeTestCase.test5NegativeTesting(AddressTypeTestCase.java:220)
	at sun.reflect.NativeMethodAccessorImpl.invoke0(Native Method)
	at sun.reflect.NativeMethodAccessorImpl.invoke(NativeMethodAccessorImpl.java:57)
	at sun.reflect.DelegatingMethodAccessorImpl.invoke(DelegatingMethodAccessorImpl.java:43)
	at java.lang.reflect.Method.invoke(Method.java:606)
	at org.junit.runners.model.FrameworkMethod$1.runReflectiveCall(FrameworkMethod.java:47)
	at org.junit.internal.runners.model.ReflectiveCallable.run(ReflectiveCallable.java:12)
	at org.junit.runners.model.FrameworkMethod.invokeExplosively(FrameworkMethod.java:44)
	at org.junit.internal.runners.statements.InvokeMethod.evaluate(InvokeMethod.java:17)
	at org.junit.internal.runners.statements.RunBefores.evaluate(RunBefores.java:26)
	at org.springframework.test.context.junit4.statements.RunBeforeTestMethodCallbacks.evaluate(RunBeforeTestMethodCallbacks.java:74)
	at org.junit.internal.runners.statements.RunAfters.evaluate(RunAfters.java:27)
	at org.springframework.test.context.junit4.statements.RunAfterTestMethodCallbacks.evaluate(RunAfterTestMethodCallbacks.java:83)
	at org.springframework.test.context.junit4.statements.SpringRepeat.evaluate(SpringRepeat.java:72)
	at org.springframework.test.context.junit4.SpringJUnit4ClassRunner.runChild(SpringJUnit4ClassRunner.java:233)
	at org.springframework.test.context.junit4.SpringJUnit4ClassRunner.runChild(SpringJUnit4ClassRunner.java:87)
	at org.junit.runners.ParentRunner$3.run(ParentRunner.java:238)
	at org.junit.runners.ParentRunner$1.schedule(ParentRunner.java:63)
	at org.junit.runners.ParentRunner.runChildren(ParentRunner.java:236)
	at org.junit.runners.ParentRunner.access$000(ParentRunner.java:53)
	at org.junit.runners.ParentRunner$2.evaluate(ParentRunner.java:229)
	at org.junit.internal.runners.statements.RunBefores.evaluate(RunBefores.java:26)
	at org.springframework.test.context.junit4.statements.RunBeforeTestClassCallbacks.evaluate(RunBeforeTestClassCallbacks.java:61)
	at org.springframework.test.context.junit4.statements.RunAfterTestClassCallbacks.evaluate(RunAfterTestClassCallbacks.java:71)
	at org.junit.runners.ParentRunner.run(ParentRunner.java:309)
	at org.springframework.test.context.junit4.SpringJUnit4ClassRunner.run(SpringJUnit4ClassRunner.java:176)
	at org.gradle.api.internal.tasks.testing.junit.JUnitTestClassExecuter.runTestClass(JUnitTestClassExecuter.java:86)
	at org.gradle.api.internal.tasks.testing.junit.JUnitTestClassExecuter.execute(JUnitTestClassExecuter.java:49)
	at org.gradle.api.internal.tasks.testing.junit.JUnitTestClassProcessor.processTestClass(JUnitTestClassProcessor.java:64)
	at org.gradle.api.internal.tasks.testing.SuiteTestClassProcessor.processTestClass(SuiteTestClassProcessor.java:50)
	at sun.reflect.GeneratedMethodAccessor106.invoke(Unknown Source)
	at sun.reflect.DelegatingMethodAccessorImpl.invoke(DelegatingMethodAccessorImpl.java:43)
	at java.lang.reflect.Method.invoke(Method.java:606)
	at org.gradle.messaging.dispatch.ReflectionDispatch.dispatch(ReflectionDispatch.java:35)
	at org.gradle.messaging.dispatch.ReflectionDispatch.dispatch(ReflectionDispatch.java:24)
	at org.gradle.messaging.dispatch.ContextClassLoaderDispatch.dispatch(ContextClassLoaderDispatch.java:32)
	at org.gradle.messaging.dispatch.ProxyDispatchAdapter$DispatchingInvocationHandler.invoke(ProxyDispatchAdapter.java:93)
	at com.sun.proxy.$Proxy2.processTestClass(Unknown Source)
	at org.gradle.api.internal.tasks.testing.worker.TestWorker.processTestClass(TestWorker.java:106)
	at sun.reflect.GeneratedMethodAccessor105.invoke(Unknown Source)
	at sun.reflect.DelegatingMethodAccessorImpl.invoke(DelegatingMethodAccessorImpl.java:43)
	at java.lang.reflect.Method.invoke(Method.java:606)
	at org.gradle.messaging.dispatch.ReflectionDispatch.dispatch(ReflectionDispatch.java:35)
	at org.gradle.messaging.dispatch.ReflectionDispatch.dispatch(ReflectionDispatch.java:24)
	at org.gradle.messaging.remote.internal.hub.MessageHub$Handler.run(MessageHub.java:360)
	at org.gradle.internal.concurrent.DefaultExecutorFactory$StoppableExecutorImpl$1.run(DefaultExecutorFactory.java:64)
	at java.util.concurrent.ThreadPoolExecutor.runWorker(ThreadPoolExecutor.java:1145)
	at java.util.concurrent.ThreadPoolExecutor$Worker.run(ThreadPoolExecutor.java:615)
	at java.lang.Thread.run(Thread.java:745)
AddressType.addressTypeDesc size must be between 0 and 256
java.lang.SecurityException: AddressType.addressTypeDesc size must be between 0 and 256
	at com.athena.server.pluggable.utils.helper.EntityValidatorHelper.validateEntity(EntityValidatorHelper.java:37)
	at com.app.shared.organization.locationmanagement.AddressType.isValid(AddressType.java:163)
	at com.app.server.service.organization.locationmanagement.AddressTypeTestCase.validateAddressType(AddressTypeTestCase.java:180)
	at com.app.server.service.organization.locationmanagement.AddressTypeTestCase.test5NegativeTesting(AddressTypeTestCase.java:225)
	at sun.reflect.NativeMethodAccessorImpl.invoke0(Native Method)
	at sun.reflect.NativeMethodAccessorImpl.invoke(NativeMethodAccessorImpl.java:57)
	at sun.reflect.DelegatingMethodAccessorImpl.invoke(DelegatingMethodAccessorImpl.java:43)
	at java.lang.reflect.Method.invoke(Method.java:606)
	at org.junit.runners.model.FrameworkMethod$1.runReflectiveCall(FrameworkMethod.java:47)
	at org.junit.internal.runners.model.ReflectiveCallable.run(ReflectiveCallable.java:12)
	at org.junit.runners.model.FrameworkMethod.invokeExplosively(FrameworkMethod.java:44)
	at org.junit.internal.runners.statements.InvokeMethod.evaluate(InvokeMethod.java:17)
	at org.junit.internal.runners.statements.RunBefores.evaluate(RunBefores.java:26)
	at org.springframework.test.context.junit4.statements.RunBeforeTestMethodCallbacks.evaluate(RunBeforeTestMethodCallbacks.java:74)
	at org.junit.internal.runners.statements.RunAfters.evaluate(RunAfters.java:27)
	at org.springframework.test.context.junit4.statements.RunAfterTestMethodCallbacks.evaluate(RunAfterTestMethodCallbacks.java:83)
	at org.springframework.test.context.junit4.statements.SpringRepeat.evaluate(SpringRepeat.java:72)
	at org.springframework.test.context.junit4.SpringJUnit4ClassRunner.runChild(SpringJUnit4ClassRunner.java:233)
	at org.springframework.test.context.junit4.SpringJUnit4ClassRunner.runChild(SpringJUnit4ClassRunner.java:87)
	at org.junit.runners.ParentRunner$3.run(ParentRunner.java:238)
	at org.junit.runners.ParentRunner$1.schedule(ParentRunner.java:63)
	at org.junit.runners.ParentRunner.runChildren(ParentRunner.java:236)
	at org.junit.runners.ParentRunner.access$000(ParentRunner.java:53)
	at org.junit.runners.ParentRunner$2.evaluate(ParentRunner.java:229)
	at org.junit.internal.runners.statements.RunBefores.evaluate(RunBefores.java:26)
	at org.springframework.test.context.junit4.statements.RunBeforeTestClassCallbacks.evaluate(RunBeforeTestClassCallbacks.java:61)
	at org.springframework.test.context.junit4.statements.RunAfterTestClassCallbacks.evaluate(RunAfterTestClassCallbacks.java:71)
	at org.junit.runners.ParentRunner.run(ParentRunner.java:309)
	at org.springframework.test.context.junit4.SpringJUnit4ClassRunner.run(SpringJUnit4ClassRunner.java:176)
	at org.gradle.api.internal.tasks.testing.junit.JUnitTestClassExecuter.runTestClass(JUnitTestClassExecuter.java:86)
	at org.gradle.api.internal.tasks.testing.junit.JUnitTestClassExecuter.execute(JUnitTestClassExecuter.java:49)
	at org.gradle.api.internal.tasks.testing.junit.JUnitTestClassProcessor.processTestClass(JUnitTestClassProcessor.java:64)
	at org.gradle.api.internal.tasks.testing.SuiteTestClassProcessor.processTestClass(SuiteTestClassProcessor.java:50)
	at sun.reflect.GeneratedMethodAccessor106.invoke(Unknown Source)
	at sun.reflect.DelegatingMethodAccessorImpl.invoke(DelegatingMethodAccessorImpl.java:43)
	at java.lang.reflect.Method.invoke(Method.java:606)
	at org.gradle.messaging.dispatch.ReflectionDispatch.dispatch(ReflectionDispatch.java:35)
	at org.gradle.messaging.dispatch.ReflectionDispatch.dispatch(ReflectionDispatch.java:24)
	at org.gradle.messaging.dispatch.ContextClassLoaderDispatch.dispatch(ContextClassLoaderDispatch.java:32)
	at org.gradle.messaging.dispatch.ProxyDispatchAdapter$DispatchingInvocationHandler.invoke(ProxyDispatchAdapter.java:93)
	at com.sun.proxy.$Proxy2.processTestClass(Unknown Source)
	at org.gradle.api.internal.tasks.testing.worker.TestWorker.processTestClass(TestWorker.java:106)
	at sun.reflect.GeneratedMethodAccessor105.invoke(Unknown Source)
	at sun.reflect.DelegatingMethodAccessorImpl.invoke(DelegatingMethodAccessorImpl.java:43)
	at java.lang.reflect.Method.invoke(Method.java:606)
	at org.gradle.messaging.dispatch.ReflectionDispatch.dispatch(ReflectionDispatch.java:35)
	at org.gradle.messaging.dispatch.ReflectionDispatch.dispatch(ReflectionDispatch.java:24)
	at org.gradle.messaging.remote.internal.hub.MessageHub$Handler.run(MessageHub.java:360)
	at org.gradle.internal.concurrent.DefaultExecutorFactory$StoppableExecutorImpl$1.run(DefaultExecutorFactory.java:64)
	at java.util.concurrent.ThreadPoolExecutor.runWorker(ThreadPoolExecutor.java:1145)
	at java.util.concurrent.ThreadPoolExecutor$Worker.run(ThreadPoolExecutor.java:615)
	at java.lang.Thread.run(Thread.java:745)
AddressType.addressTypeIcon size must be between 0 and 128
java.lang.SecurityException: AddressType.addressTypeIcon size must be between 0 and 128
	at com.athena.server.pluggable.utils.helper.EntityValidatorHelper.validateEntity(EntityValidatorHelper.java:37)
	at com.app.shared.organization.locationmanagement.AddressType.isValid(AddressType.java:163)
	at com.app.server.service.organization.locationmanagement.AddressTypeTestCase.validateAddressType(AddressTypeTestCase.java:180)
	at com.app.server.service.organization.locationmanagement.AddressTypeTestCase.test5NegativeTesting(AddressTypeTestCase.java:230)
	at sun.reflect.NativeMethodAccessorImpl.invoke0(Native Method)
	at sun.reflect.NativeMethodAccessorImpl.invoke(NativeMethodAccessorImpl.java:57)
	at sun.reflect.DelegatingMethodAccessorImpl.invoke(DelegatingMethodAccessorImpl.java:43)
	at java.lang.reflect.Method.invoke(Method.java:606)
	at org.junit.runners.model.FrameworkMethod$1.runReflectiveCall(FrameworkMethod.java:47)
	at org.junit.internal.runners.model.ReflectiveCallable.run(ReflectiveCallable.java:12)
	at org.junit.runners.model.FrameworkMethod.invokeExplosively(FrameworkMethod.java:44)
	at org.junit.internal.runners.statements.InvokeMethod.evaluate(InvokeMethod.java:17)
	at org.junit.internal.runners.statements.RunBefores.evaluate(RunBefores.java:26)
	at org.springframework.test.context.junit4.statements.RunBeforeTestMethodCallbacks.evaluate(RunBeforeTestMethodCallbacks.java:74)
	at org.junit.internal.runners.statements.RunAfters.evaluate(RunAfters.java:27)
	at org.springframework.test.context.junit4.statements.RunAfterTestMethodCallbacks.evaluate(RunAfterTestMethodCallbacks.java:83)
	at org.springframework.test.context.junit4.statements.SpringRepeat.evaluate(SpringRepeat.java:72)
	at org.springframework.test.context.junit4.SpringJUnit4ClassRunner.runChild(SpringJUnit4ClassRunner.java:233)
	at org.springframework.test.context.junit4.SpringJUnit4ClassRunner.runChild(SpringJUnit4ClassRunner.java:87)
	at org.junit.runners.ParentRunner$3.run(ParentRunner.java:238)
	at org.junit.runners.ParentRunner$1.schedule(ParentRunner.java:63)
	at org.junit.runners.ParentRunner.runChildren(ParentRunner.java:236)
	at org.junit.runners.ParentRunner.access$000(ParentRunner.java:53)
	at org.junit.runners.ParentRunner$2.evaluate(ParentRunner.java:229)
	at org.junit.internal.runners.statements.RunBefores.evaluate(RunBefores.java:26)
	at org.springframework.test.context.junit4.statements.RunBeforeTestClassCallbacks.evaluate(RunBeforeTestClassCallbacks.java:61)
	at org.springframework.test.context.junit4.statements.RunAfterTestClassCallbacks.evaluate(RunAfterTestClassCallbacks.java:71)
	at org.junit.runners.ParentRunner.run(ParentRunner.java:309)
	at org.springframework.test.context.junit4.SpringJUnit4ClassRunner.run(SpringJUnit4ClassRunner.java:176)
	at org.gradle.api.internal.tasks.testing.junit.JUnitTestClassExecuter.runTestClass(JUnitTestClassExecuter.java:86)
	at org.gradle.api.internal.tasks.testing.junit.JUnitTestClassExecuter.execute(JUnitTestClassExecuter.java:49)
	at org.gradle.api.internal.tasks.testing.junit.JUnitTestClassProcessor.processTestClass(JUnitTestClassProcessor.java:64)
	at org.gradle.api.internal.tasks.testing.SuiteTestClassProcessor.processTestClass(SuiteTestClassProcessor.java:50)
	at sun.reflect.GeneratedMethodAccessor106.invoke(Unknown Source)
	at sun.reflect.DelegatingMethodAccessorImpl.invoke(DelegatingMethodAccessorImpl.java:43)
	at java.lang.reflect.Method.invoke(Method.java:606)
	at org.gradle.messaging.dispatch.ReflectionDispatch.dispatch(ReflectionDispatch.java:35)
	at org.gradle.messaging.dispatch.ReflectionDispatch.dispatch(ReflectionDispatch.java:24)
	at org.gradle.messaging.dispatch.ContextClassLoaderDispatch.dispatch(ContextClassLoaderDispatch.java:32)
	at org.gradle.messaging.dispatch.ProxyDispatchAdapter$DispatchingInvocationHandler.invoke(ProxyDispatchAdapter.java:93)
	at com.sun.proxy.$Proxy2.processTestClass(Unknown Source)
	at org.gradle.api.internal.tasks.testing.worker.TestWorker.processTestClass(TestWorker.java:106)
	at sun.reflect.GeneratedMethodAccessor105.invoke(Unknown Source)
	at sun.reflect.DelegatingMethodAccessorImpl.invoke(DelegatingMethodAccessorImpl.java:43)
	at java.lang.reflect.Method.invoke(Method.java:606)
	at org.gradle.messaging.dispatch.ReflectionDispatch.dispatch(ReflectionDispatch.java:35)
	at org.gradle.messaging.dispatch.ReflectionDispatch.dispatch(ReflectionDispatch.java:24)
	at org.gradle.messaging.remote.internal.hub.MessageHub$Handler.run(MessageHub.java:360)
	at org.gradle.internal.concurrent.DefaultExecutorFactory$StoppableExecutorImpl$1.run(DefaultExecutorFactory.java:64)
	at java.util.concurrent.ThreadPoolExecutor.runWorker(ThreadPoolExecutor.java:1145)
	at java.util.concurrent.ThreadPoolExecutor$Worker.run(ThreadPoolExecutor.java:615)
	at java.lang.Thread.run(Thread.java:745)
]]></system-err>
</testsuite>
